{"/home/hamdi/Bureau/git/smart-syndic/src/main.js": {"path":"/home/hamdi/Bureau/git/smart-syndic/src/main.js","statementMap":{"0":{"start":{"line":24,"column":0},"end":{"line":null,"column":-1}},"1":{"start":{"line":25,"column":0},"end":{"line":null,"column":-1}},"2":{"start":{"line":26,"column":0},"end":{"line":null,"column":-1}},"3":{"start":{"line":28,"column":0},"end":{"line":null,"column":-1}},"4":{"start":{"line":29,"column":0},"end":{"line":null,"column":-1}}},"fnMap":{},"branchMap":{},"s":{"0":0,"1":0,"2":0,"3":0,"4":0},"f":{},"b":{}}
,"/home/hamdi/Bureau/git/smart-syndic/src/components/Menu1.js": {"path":"/home/hamdi/Bureau/git/smart-syndic/src/components/Menu1.js","statementMap":{"0":{"start":{"line":4,"column":0},"end":{"line":null,"column":-1}},"1":{"start":{"line":7,"column":14},"end":{"line":7,"column":0}},"2":{"start":{"line":7,"column":14},"end":{"line":null,"column":-1}}},"fnMap":{"0":{"name":"menu1","decl":{"start":{"line":7,"column":6},"end":{"line":7,"column":14}},"loc":{"start":{"line":7,"column":14},"end":{"line":7,"column":0}}}},"branchMap":{},"s":{"0":0,"1":0,"2":0},"f":{"0":0},"b":{}}
,"/home/hamdi/Bureau/git/smart-syndic/src/components/Menu2.js": {"path":"/home/hamdi/Bureau/git/smart-syndic/src/components/Menu2.js","statementMap":{"0":{"start":{"line":3,"column":0},"end":{"line":null,"column":-1}},"1":{"start":{"line":8,"column":8},"end":{"line":null,"column":-1}}},"fnMap":{},"branchMap":{},"s":{"0":0,"1":0},"f":{},"b":{}}
,"/home/hamdi/Bureau/git/smart-syndic/src/components/grid.js": {"path":"/home/hamdi/Bureau/git/smart-syndic/src/components/grid.js","statementMap":{"0":{"start":{"line":1,"column":0},"end":{"line":null,"column":-1}},"1":{"start":{"line":2,"column":0},"end":{"line":null,"column":-1}},"2":{"start":{"line":3,"column":0},"end":{"line":null,"column":-1}},"3":{"start":{"line":4,"column":0},"end":{"line":null,"column":-1}},"4":{"start":{"line":5,"column":0},"end":{"line":null,"column":-1}},"5":{"start":{"line":7,"column":15},"end":{"line":7,"column":0}},"6":{"start":{"line":7,"column":15},"end":{"line":null,"column":-1}},"7":{"start":{"line":19,"column":22},"end":{"line":18,"column":29}},"8":{"start":{"line":21,"column":2},"end":{"line":null,"column":-1}},"9":{"start":{"line":50,"column":0},"end":{"line":null,"column":-1}}},"fnMap":{"0":{"name":"styles","decl":{"start":{"line":7,"column":6},"end":{"line":7,"column":15}},"loc":{"start":{"line":7,"column":15},"end":{"line":7,"column":0}}},"1":{"name":"CenteredGrid","decl":{"start":{"line":18,"column":9},"end":{"line":18,"column":0}},"loc":{"start":{"line":18,"column":29},"end":{"line":48,"column":1}}}},"branchMap":{},"s":{"0":0,"1":0,"2":0,"3":0,"4":0,"5":0,"6":0,"7":0,"8":0,"9":0},"f":{"0":0,"1":0},"b":{}}
,"/home/hamdi/Bureau/git/smart-syndic/src/components/pie.js": {"path":"/home/hamdi/Bureau/git/smart-syndic/src/components/pie.js","statementMap":{"0":{"start":{"line":1,"column":0},"end":{"line":null,"column":-1}},"1":{"start":{"line":2,"column":0},"end":{"line":null,"column":-1}},"2":{"start":{"line":3,"column":0},"end":{"line":null,"column":-1}},"3":{"start":{"line":4,"column":13},"end":{"line":4,"column":0}},"4":{"start":{"line":25,"column":8},"end":{"line":null,"column":-1}}},"fnMap":{},"branchMap":{},"s":{"0":0,"1":0,"2":0,"3":0,"4":0},"f":{},"b":{}}
,"/home/hamdi/Bureau/git/smart-syndic/src/components/pie2.js": {"path":"/home/hamdi/Bureau/git/smart-syndic/src/components/pie2.js","statementMap":{"0":{"start":{"line":1,"column":0},"end":{"line":null,"column":-1}},"1":{"start":{"line":2,"column":0},"end":{"line":null,"column":-1}},"2":{"start":{"line":3,"column":13},"end":{"line":3,"column":0}},"3":{"start":{"line":24,"column":8},"end":{"line":null,"column":-1}}},"fnMap":{},"branchMap":{},"s":{"0":0,"1":0,"2":0,"3":0},"f":{},"b":{}}
,"/home/hamdi/Bureau/git/smart-syndic/src/components/profil.js": {"path":"/home/hamdi/Bureau/git/smart-syndic/src/components/profil.js","statementMap":{"0":{"start":{"line":5,"column":0},"end":{"line":null,"column":-1}},"1":{"start":{"line":8,"column":15},"end":{"line":8,"column":0}},"2":{"start":{"line":8,"column":15},"end":{"line":null,"column":-1}}},"fnMap":{"0":{"name":"profil","decl":{"start":{"line":8,"column":6},"end":{"line":8,"column":15}},"loc":{"start":{"line":8,"column":15},"end":{"line":8,"column":0}}}},"branchMap":{},"s":{"0":0,"1":0,"2":0},"f":{"0":0},"b":{}}
,"/home/hamdi/Bureau/git/smart-syndic/src/components/test1.js": {"path":"/home/hamdi/Bureau/git/smart-syndic/src/components/test1.js","statementMap":{"0":{"start":{"line":3,"column":0},"end":{"line":null,"column":-1}},"1":{"start":{"line":8,"column":7},"end":{"line":null,"column":-1}}},"fnMap":{},"branchMap":{},"s":{"0":0,"1":0},"f":{},"b":{}}
,"/home/hamdi/Bureau/git/smart-syndic/src/components/test2.js": {"path":"/home/hamdi/Bureau/git/smart-syndic/src/components/test2.js","statementMap":{"0":{"start":{"line":3,"column":0},"end":{"line":null,"column":-1}},"1":{"start":{"line":8,"column":7},"end":{"line":null,"column":-1}}},"fnMap":{},"branchMap":{},"s":{"0":0,"1":0},"f":{},"b":{}}
,"/home/hamdi/Bureau/git/smart-syndic/src/components/test3.js": {"path":"/home/hamdi/Bureau/git/smart-syndic/src/components/test3.js","statementMap":{"0":{"start":{"line":3,"column":0},"end":{"line":null,"column":-1}},"1":{"start":{"line":8,"column":7},"end":{"line":null,"column":-1}}},"fnMap":{},"branchMap":{},"s":{"0":0,"1":0},"f":{},"b":{}}
,"/home/hamdi/Bureau/git/smart-syndic/src/config/Root.js": {"path":"/home/hamdi/Bureau/git/smart-syndic/src/config/Root.js","statementMap":{"0":{"start":{"line":1,"column":0},"end":{"line":null,"column":-1}},"1":{"start":{"line":2,"column":0},"end":{"line":null,"column":-1}},"2":{"start":{"line":3,"column":0},"end":{"line":null,"column":-1}},"3":{"start":{"line":5,"column":13},"end":{"line":5,"column":0}},"4":{"start":{"line":6,"column":2},"end":{"line":null,"column":-1}}},"fnMap":{"0":{"name":"Root","decl":{"start":{"line":5,"column":6},"end":{"line":5,"column":13}},"loc":{"start":{"line":5,"column":19},"end":{"line":5,"column":0}}}},"branchMap":{},"s":{"0":0,"1":0,"2":0,"3":0,"4":0},"f":{"0":0},"b":{}}
,"/home/hamdi/Bureau/git/smart-syndic/src/containers/App2.js": {"path":"/home/hamdi/Bureau/git/smart-syndic/src/containers/App2.js","statementMap":{"0":{"start":{"line":4,"column":0},"end":{"line":null,"column":-1}},"1":{"start":{"line":6,"column":0},"end":{"line":null,"column":-1}},"2":{"start":{"line":9,"column":0},"end":{"line":null,"column":-1}},"3":{"start":{"line":14,"column":4},"end":{"line":null,"column":-1}}},"fnMap":{},"branchMap":{},"s":{"0":0,"1":0,"2":0,"3":0},"f":{},"b":{}}
,"/home/hamdi/Bureau/git/smart-syndic/src/containers/BottomNavigation.js": {"path":"/home/hamdi/Bureau/git/smart-syndic/src/containers/BottomNavigation.js","statementMap":{"0":{"start":{"line":3,"column":0},"end":{"line":null,"column":-1}},"1":{"start":{"line":4,"column":0},"end":{"line":null,"column":-1}},"2":{"start":{"line":5,"column":0},"end":{"line":null,"column":-1}},"3":{"start":{"line":6,"column":0},"end":{"line":null,"column":-1}},"4":{"start":{"line":7,"column":0},"end":{"line":null,"column":-1}},"5":{"start":{"line":8,"column":0},"end":{"line":null,"column":-1}},"6":{"start":{"line":9,"column":0},"end":{"line":null,"column":-1}},"7":{"start":{"line":10,"column":0},"end":{"line":null,"column":-1}},"8":{"start":{"line":13,"column":15},"end":{"line":13,"column":0}},"9":{"start":{"line":25,"column":4},"end":{"line":null,"column":-1}},"10":{"start":{"line":29,"column":24},"end":{"line":28,"column":11}},"11":{"start":{"line":30,"column":22},"end":{"line":28,"column":11}},"12":{"start":{"line":32,"column":4},"end":{"line":null,"column":-1}},"13":{"start":{"line":43,"column":0},"end":{"line":null,"column":-1}}},"fnMap":{},"branchMap":{},"s":{"0":0,"1":0,"2":0,"3":0,"4":0,"5":0,"6":0,"7":0,"8":0,"9":0,"10":0,"11":0,"12":0,"13":0},"f":{},"b":{}}
,"/home/hamdi/Bureau/git/smart-syndic/src/containers/MiniDrawer.js": {"path":"/home/hamdi/Bureau/git/smart-syndic/src/containers/MiniDrawer.js","statementMap":{"0":{"start":{"line":1,"column":0},"end":{"line":null,"column":-1}},"1":{"start":{"line":2,"column":0},"end":{"line":null,"column":-1}},"2":{"start":{"line":3,"column":0},"end":{"line":null,"column":-1}},"3":{"start":{"line":4,"column":0},"end":{"line":null,"column":-1}},"4":{"start":{"line":5,"column":0},"end":{"line":null,"column":-1}},"5":{"start":{"line":6,"column":0},"end":{"line":null,"column":-1}},"6":{"start":{"line":7,"column":0},"end":{"line":null,"column":-1}},"7":{"start":{"line":8,"column":0},"end":{"line":null,"column":-1}},"8":{"start":{"line":9,"column":0},"end":{"line":null,"column":-1}},"9":{"start":{"line":10,"column":0},"end":{"line":null,"column":-1}},"10":{"start":{"line":11,"column":0},"end":{"line":null,"column":-1}},"11":{"start":{"line":12,"column":0},"end":{"line":null,"column":-1}},"12":{"start":{"line":13,"column":0},"end":{"line":null,"column":-1}},"13":{"start":{"line":14,"column":0},"end":{"line":null,"column":-1}},"14":{"start":{"line":15,"column":0},"end":{"line":null,"column":-1}},"15":{"start":{"line":16,"column":0},"end":{"line":null,"column":-1}},"16":{"start":{"line":18,"column":0},"end":{"line":null,"column":-1}},"17":{"start":{"line":20,"column":0},"end":{"line":null,"column":-1}},"18":{"start":{"line":21,"column":0},"end":{"line":null,"column":-1}},"19":{"start":{"line":22,"column":0},"end":{"line":null,"column":-1}},"20":{"start":{"line":23,"column":0},"end":{"line":null,"column":-1}},"21":{"start":{"line":26,"column":0},"end":{"line":null,"column":-1}},"22":{"start":{"line":33,"column":20},"end":{"line":33,"column":0}},"23":{"start":{"line":35,"column":15},"end":{"line":35,"column":0}},"24":{"start":{"line":35,"column":15},"end":{"line":null,"column":-1}},"25":{"start":{"line":115,"column":4},"end":{"line":null,"column":-1}},"26":{"start":{"line":119,"column":4},"end":{"line":null,"column":-1}},"27":{"start":{"line":127,"column":4},"end":{"line":null,"column":-1}},"28":{"start":{"line":131,"column":4},"end":{"line":null,"column":-1}},"29":{"start":{"line":138,"column":31},"end":{"line":137,"column":11}},"30":{"start":{"line":137,"column":11},"end":{"line":137,"column":10}},"31":{"start":{"line":141,"column":25},"end":{"line":137,"column":11}},"32":{"start":{"line":142,"column":17},"end":{"line":142,"column":4}},"33":{"start":{"line":145,"column":4},"end":{"line":null,"column":-1}},"34":{"start":{"line":251,"column":0},"end":{"line":null,"column":-1}}},"fnMap":{"0":{"name":"styles","decl":{"start":{"line":35,"column":6},"end":{"line":35,"column":15}},"loc":{"start":{"line":35,"column":15},"end":{"line":35,"column":0}}}},"branchMap":{"0":{"loc":{"start":{"line":155,"column":48},"end":{"line":155,"column":47}},"type":"binary-expr","locations":[{"start":{"line":155,"column":48},"end":{"line":155,"column":47}},{"start":{"line":155,"column":67},"end":{"line":155,"column":21}}]},"1":{"loc":{"start":{"line":162,"column":56},"end":{"line":162,"column":55}},"type":"binary-expr","locations":[{"start":{"line":162,"column":56},"end":{"line":162,"column":55}},{"start":{"line":162,"column":75},"end":{"line":162,"column":25}}]},"2":{"loc":{"start":{"line":173,"column":34},"end":{"line":173,"column":27}},"type":"cond-expr","locations":[{"start":{"line":173,"column":34},"end":{"line":173,"column":27}},{"start":{"line":173,"column":50},"end":{"line":172,"column":14}}]},"3":{"loc":{"start":{"line":212,"column":51},"end":{"line":212,"column":50}},"type":"binary-expr","locations":[{"start":{"line":212,"column":51},"end":{"line":212,"column":50}},{"start":{"line":212,"column":71},"end":{"line":212,"column":19}}]},"4":{"loc":{"start":{"line":218,"column":43},"end":{"line":218,"column":15}},"type":"cond-expr","locations":[{"start":{"line":218,"column":43},"end":{"line":218,"column":15}},{"start":{"line":218,"column":66},"end":{"line":null,"column":-1}}]}},"s":{"0":0,"1":0,"2":0,"3":0,"4":0,"5":0,"6":0,"7":0,"8":0,"9":0,"10":0,"11":0,"12":0,"13":0,"14":0,"15":0,"16":0,"17":0,"18":0,"19":0,"20":0,"21":0,"22":0,"23":0,"24":0,"25":0,"26":0,"27":0,"28":0,"29":0,"30":0,"31":0,"32":0,"33":0,"34":0},"f":{"0":0},"b":{"0":[0,0],"1":[0,0],"2":[0,0],"3":[0,0],"4":[0,0]}}
,"/home/hamdi/Bureau/git/smart-syndic/src/containers/ResponsiveDrawer.js": {"path":"/home/hamdi/Bureau/git/smart-syndic/src/containers/ResponsiveDrawer.js","statementMap":{"0":{"start":{"line":2,"column":0},"end":{"line":null,"column":-1}},"1":{"start":{"line":3,"column":0},"end":{"line":null,"column":-1}},"2":{"start":{"line":4,"column":0},"end":{"line":null,"column":-1}},"3":{"start":{"line":5,"column":0},"end":{"line":null,"column":-1}},"4":{"start":{"line":6,"column":0},"end":{"line":null,"column":-1}},"5":{"start":{"line":7,"column":0},"end":{"line":null,"column":-1}},"6":{"start":{"line":8,"column":0},"end":{"line":null,"column":-1}},"7":{"start":{"line":9,"column":0},"end":{"line":null,"column":-1}},"8":{"start":{"line":10,"column":0},"end":{"line":null,"column":-1}},"9":{"start":{"line":11,"column":0},"end":{"line":null,"column":-1}},"10":{"start":{"line":12,"column":0},"end":{"line":null,"column":-1}},"11":{"start":{"line":13,"column":0},"end":{"line":null,"column":-1}},"12":{"start":{"line":15,"column":0},"end":{"line":null,"column":-1}},"13":{"start":{"line":17,"column":0},"end":{"line":null,"column":-1}},"14":{"start":{"line":19,"column":0},"end":{"line":null,"column":-1}},"15":{"start":{"line":21,"column":0},"end":{"line":null,"column":-1}},"16":{"start":{"line":22,"column":0},"end":{"line":null,"column":-1}},"17":{"start":{"line":23,"column":0},"end":{"line":null,"column":-1}},"18":{"start":{"line":25,"column":0},"end":{"line":null,"column":-1}},"19":{"start":{"line":27,"column":0},"end":{"line":null,"column":-1}},"20":{"start":{"line":30,"column":0},"end":{"line":null,"column":-1}},"21":{"start":{"line":32,"column":20},"end":{"line":32,"column":0}},"22":{"start":{"line":34,"column":15},"end":{"line":34,"column":0}},"23":{"start":{"line":34,"column":15},"end":{"line":null,"column":-1}},"24":{"start":{"line":84,"column":4},"end":{"line":null,"column":-1}},"25":{"start":{"line":90,"column":4},"end":{"line":null,"column":-1}},"26":{"start":{"line":94,"column":4},"end":{"line":null,"column":-1}},"27":{"start":{"line":99,"column":31},"end":{"line":98,"column":11}},"28":{"start":{"line":98,"column":11},"end":{"line":98,"column":10}},"29":{"start":{"line":102,"column":25},"end":{"line":98,"column":11}},"30":{"start":{"line":103,"column":17},"end":{"line":103,"column":4}},"31":{"start":{"line":106,"column":6},"end":{"line":105,"column":4}},"32":{"start":{"line":115,"column":4},"end":{"line":null,"column":-1}},"33":{"start":{"line":217,"column":0},"end":{"line":null,"column":-1}}},"fnMap":{"0":{"name":"styles","decl":{"start":{"line":34,"column":6},"end":{"line":34,"column":15}},"loc":{"start":{"line":34,"column":15},"end":{"line":34,"column":0}}}},"branchMap":{"0":{"loc":{"start":{"line":135,"column":34},"end":{"line":135,"column":27}},"type":"cond-expr","locations":[{"start":{"line":135,"column":34},"end":{"line":135,"column":27}},{"start":{"line":135,"column":50},"end":{"line":134,"column":14}}]},"1":{"loc":{"start":{"line":170,"column":48},"end":{"line":170,"column":20}},"type":"cond-expr","locations":[{"start":{"line":170,"column":48},"end":{"line":170,"column":20}},{"start":{"line":170,"column":58},"end":{"line":168,"column":10}}]}},"s":{"0":0,"1":0,"2":0,"3":0,"4":0,"5":0,"6":0,"7":0,"8":0,"9":0,"10":0,"11":0,"12":0,"13":0,"14":0,"15":0,"16":0,"17":0,"18":0,"19":0,"20":0,"21":0,"22":0,"23":0,"24":0,"25":0,"26":0,"27":0,"28":0,"29":0,"30":0,"31":0,"32":0,"33":0},"f":{"0":0},"b":{"0":[0,0],"1":[0,0]}}
,"/home/hamdi/Bureau/git/smart-syndic/src/containers/tabs.js": {"path":"/home/hamdi/Bureau/git/smart-syndic/src/containers/tabs.js","statementMap":{"0":{"start":{"line":3,"column":0},"end":{"line":null,"column":-1}},"1":{"start":{"line":4,"column":0},"end":{"line":null,"column":-1}},"2":{"start":{"line":5,"column":0},"end":{"line":null,"column":-1}},"3":{"start":{"line":6,"column":0},"end":{"line":null,"column":-1}},"4":{"start":{"line":7,"column":0},"end":{"line":null,"column":-1}},"5":{"start":{"line":8,"column":0},"end":{"line":null,"column":-1}},"6":{"start":{"line":9,"column":0},"end":{"line":null,"column":-1}},"7":{"start":{"line":10,"column":0},"end":{"line":null,"column":-1}},"8":{"start":{"line":15,"column":16},"end":{"line":15,"column":1}},"9":{"start":{"line":15,"column":16},"end":{"line":null,"column":-1}},"10":{"start":{"line":30,"column":4},"end":{"line":null,"column":-1}},"11":{"start":{"line":34,"column":16},"end":{"line":34,"column":4}},"12":{"start":{"line":39,"column":4},"end":{"line":null,"column":-1}}},"fnMap":{"0":{"name":"styles","decl":{"start":{"line":15,"column":7},"end":{"line":15,"column":16}},"loc":{"start":{"line":15,"column":16},"end":{"line":15,"column":1}}}},"branchMap":{},"s":{"0":0,"1":0,"2":0,"3":0,"4":0,"5":0,"6":0,"7":0,"8":0,"9":0,"10":0,"11":0,"12":0},"f":{"0":0},"b":{}}
,"/home/hamdi/Bureau/git/smart-syndic/src/containers/tileData.js": {"path":"/home/hamdi/Bureau/git/smart-syndic/src/containers/tileData.js","statementMap":{"0":{"start":{"line":4,"column":0},"end":{"line":null,"column":-1}},"1":{"start":{"line":5,"column":0},"end":{"line":null,"column":-1}},"2":{"start":{"line":6,"column":0},"end":{"line":null,"column":-1}},"3":{"start":{"line":7,"column":0},"end":{"line":null,"column":-1}},"4":{"start":{"line":8,"column":0},"end":{"line":null,"column":-1}},"5":{"start":{"line":11,"column":0},"end":{"line":null,"column":-1}},"6":{"start":{"line":13,"column":0},"end":{"line":null,"column":-1}},"7":{"start":{"line":15,"column":0},"end":{"line":null,"column":-1}},"8":{"start":{"line":19,"column":13},"end":{"line":19,"column":7}},"9":{"start":{"line":57,"column":13},"end":{"line":57,"column":7}}},"fnMap":{},"branchMap":{},"s":{"0":0,"1":0,"2":0,"3":0,"4":0,"5":0,"6":0,"7":0,"8":0,"9":0},"f":{},"b":{}}
}
