TN:
SF:/home/hamdi/Bureau/git/smart-syndic/src/main.js
FNF:0
FNH:0
DA:24,0
DA:25,0
DA:26,0
DA:28,0
DA:29,0
LF:5
LH:0
BRF:0
BRH:0
end_of_record
TN:
SF:/home/hamdi/Bureau/git/smart-syndic/src/components/Menu1.js
FN:7,menu1
FNF:1
FNH:0
FNDA:0,menu1
DA:4,0
DA:7,0
LF:2
LH:0
BRF:0
BRH:0
end_of_record
TN:
SF:/home/hamdi/Bureau/git/smart-syndic/src/components/Menu2.js
FNF:0
FNH:0
DA:3,0
DA:8,0
LF:2
LH:0
BRF:0
BRH:0
end_of_record
TN:
SF:/home/hamdi/Bureau/git/smart-syndic/src/components/grid.js
FN:7,styles
FN:18,CenteredGrid
FNF:2
FNH:0
FNDA:0,styles
FNDA:0,CenteredGrid
DA:1,0
DA:2,0
DA:3,0
DA:4,0
DA:5,0
DA:7,0
DA:19,0
DA:21,0
DA:50,0
LF:9
LH:0
BRF:0
BRH:0
end_of_record
TN:
SF:/home/hamdi/Bureau/git/smart-syndic/src/components/pie.js
FNF:0
FNH:0
DA:1,0
DA:2,0
DA:3,0
DA:4,0
DA:25,0
LF:5
LH:0
BRF:0
BRH:0
end_of_record
TN:
SF:/home/hamdi/Bureau/git/smart-syndic/src/components/pie2.js
FNF:0
FNH:0
DA:1,0
DA:2,0
DA:3,0
DA:24,0
LF:4
LH:0
BRF:0
BRH:0
end_of_record
TN:
SF:/home/hamdi/Bureau/git/smart-syndic/src/components/profil.js
FN:8,profil
FNF:1
FNH:0
FNDA:0,profil
DA:5,0
DA:8,0
LF:2
LH:0
BRF:0
BRH:0
end_of_record
TN:
SF:/home/hamdi/Bureau/git/smart-syndic/src/components/test1.js
FNF:0
FNH:0
DA:3,0
DA:8,0
LF:2
LH:0
BRF:0
BRH:0
end_of_record
TN:
SF:/home/hamdi/Bureau/git/smart-syndic/src/components/test2.js
FNF:0
FNH:0
DA:3,0
DA:8,0
LF:2
LH:0
BRF:0
BRH:0
end_of_record
TN:
SF:/home/hamdi/Bureau/git/smart-syndic/src/components/test3.js
FNF:0
FNH:0
DA:3,0
DA:8,0
LF:2
LH:0
BRF:0
BRH:0
end_of_record
TN:
SF:/home/hamdi/Bureau/git/smart-syndic/src/config/Root.js
FN:5,Root
FNF:1
FNH:0
FNDA:0,Root
DA:1,0
DA:2,0
DA:3,0
DA:5,0
DA:6,0
LF:5
LH:0
BRF:0
BRH:0
end_of_record
TN:
SF:/home/hamdi/Bureau/git/smart-syndic/src/containers/App2.js
FNF:0
FNH:0
DA:4,0
DA:6,0
DA:9,0
DA:14,0
LF:4
LH:0
BRF:0
BRH:0
end_of_record
TN:
SF:/home/hamdi/Bureau/git/smart-syndic/src/containers/BottomNavigation.js
FNF:0
FNH:0
DA:3,0
DA:4,0
DA:5,0
DA:6,0
DA:7,0
DA:8,0
DA:9,0
DA:10,0
DA:13,0
DA:25,0
DA:29,0
DA:30,0
DA:32,0
DA:43,0
LF:14
LH:0
BRF:0
BRH:0
end_of_record
TN:
SF:/home/hamdi/Bureau/git/smart-syndic/src/containers/MiniDrawer.js
FN:35,styles
FNF:1
FNH:0
FNDA:0,styles
DA:1,0
DA:2,0
DA:3,0
DA:4,0
DA:5,0
DA:6,0
DA:7,0
DA:8,0
DA:9,0
DA:10,0
DA:11,0
DA:12,0
DA:13,0
DA:14,0
DA:15,0
DA:16,0
DA:18,0
DA:20,0
DA:21,0
DA:22,0
DA:23,0
DA:26,0
DA:33,0
DA:35,0
DA:115,0
DA:119,0
DA:127,0
DA:131,0
DA:137,0
DA:138,0
DA:141,0
DA:142,0
DA:145,0
DA:251,0
LF:34
LH:0
BRDA:155,0,0,0
BRDA:155,0,1,0
BRDA:162,1,0,0
BRDA:162,1,1,0
BRDA:173,2,0,0
BRDA:173,2,1,0
BRDA:212,3,0,0
BRDA:212,3,1,0
BRDA:218,4,0,0
BRDA:218,4,1,0
BRF:10
BRH:0
end_of_record
TN:
SF:/home/hamdi/Bureau/git/smart-syndic/src/containers/ResponsiveDrawer.js
FN:34,styles
FNF:1
FNH:0
FNDA:0,styles
DA:2,0
DA:3,0
DA:4,0
DA:5,0
DA:6,0
DA:7,0
DA:8,0
DA:9,0
DA:10,0
DA:11,0
DA:12,0
DA:13,0
DA:15,0
DA:17,0
DA:19,0
DA:21,0
DA:22,0
DA:23,0
DA:25,0
DA:27,0
DA:30,0
DA:32,0
DA:34,0
DA:84,0
DA:90,0
DA:94,0
DA:98,0
DA:99,0
DA:102,0
DA:103,0
DA:106,0
DA:115,0
DA:217,0
LF:33
LH:0
BRDA:135,0,0,0
BRDA:135,0,1,0
BRDA:170,1,0,0
BRDA:170,1,1,0
BRF:4
BRH:0
end_of_record
TN:
SF:/home/hamdi/Bureau/git/smart-syndic/src/containers/tabs.js
FN:15,styles
FNF:1
FNH:0
FNDA:0,styles
DA:3,0
DA:4,0
DA:5,0
DA:6,0
DA:7,0
DA:8,0
DA:9,0
DA:10,0
DA:15,0
DA:30,0
DA:34,0
DA:39,0
LF:12
LH:0
BRF:0
BRH:0
end_of_record
TN:
SF:/home/hamdi/Bureau/git/smart-syndic/src/containers/tileData.js
FNF:0
FNH:0
DA:4,0
DA:5,0
DA:6,0
DA:7,0
DA:8,0
DA:11,0
DA:13,0
DA:15,0
DA:19,0
DA:57,0
LF:10
LH:0
BRF:0
BRH:0
end_of_record
